  ChessPieces.cpp
  LoadPng.cpp
C:\Users\KDK\Desktop\ServerProgramming\ServerProgramming\LoadPng.cpp(799,34): warning C4334:  '<<': 32비트 시프트의 결과가 암시적으로 64비트로 변환됩니다. 64비트 시프트를 사용하시겠습니까?
C:\Users\KDK\Desktop\ServerProgramming\ServerProgramming\LoadPng.cpp(1461,28): warning C4267:  '=': 'size_t'에서 'int'(으)로 변환하면서 데이터가 손실될 수 있습니다.
C:\Users\KDK\Desktop\ServerProgramming\ServerProgramming\LoadPng.cpp(1465,30): warning C4267:  '=': 'size_t'에서 'int'(으)로 변환하면서 데이터가 손실될 수 있습니다.
C:\Users\KDK\Desktop\ServerProgramming\ServerProgramming\LoadPng.cpp(1537,83): warning C4267:  '=': 'size_t'에서 'unsigned int'(으)로 변환하면서 데이터가 손실될 수 있습니다.
C:\Users\KDK\Desktop\ServerProgramming\ServerProgramming\LoadPng.cpp(3482,44): warning C4334:  '<<': 32비트 시프트의 결과가 암시적으로 64비트로 변환됩니다. 64비트 시프트를 사용하시겠습니까?
C:\Users\KDK\Desktop\ServerProgramming\ServerProgramming\LoadPng.cpp(3496,51): warning C4267:  '인수': 'size_t'에서 'unsigned int'(으)로 변환하면서 데이터가 손실될 수 있습니다.
C:\Users\KDK\Desktop\ServerProgramming\ServerProgramming\LoadPng.cpp(4337,73): warning C4267:  '=': 'size_t'에서 'unsigned int'(으)로 변환하면서 데이터가 손실될 수 있습니다.
C:\Users\KDK\Desktop\ServerProgramming\ServerProgramming\LoadPng.cpp(4385,39): warning C4267:  '=': 'size_t'에서 'unsigned int'(으)로 변환하면서 데이터가 손실될 수 있습니다.
C:\Users\KDK\Desktop\ServerProgramming\ServerProgramming\LoadPng.cpp(4465,57): warning C4267:  '=': 'size_t'에서 'unsigned int'(으)로 변환하면서 데이터가 손실될 수 있습니다.
C:\Users\KDK\Desktop\ServerProgramming\ServerProgramming\LoadPng.cpp(5408,34): warning C4267:  '초기화 중': 'size_t'에서 'unsigned int'(으)로 변환하면서 데이터가 손실될 수 있습니다.
  TCPClient.cpp
  TextureManager.cpp
C:\Users\KDK\Desktop\ServerProgramming\ServerProgramming\LoadPng.cpp(6295,22): warning C4018:  '<': signed 또는 unsigned가 일치하지 않습니다.
C:\Users\KDK\Desktop\ServerProgramming\ServerProgramming\TextureManager.cpp(63,84): warning C4244:  '=': 'double'에서 'int'(으)로 변환하면서 데이터가 손실될 수 있습니다.
C:\Users\KDK\Desktop\ServerProgramming\ServerProgramming\TextureManager.cpp(118,56): warning C4244:  '인수': 'GLuint'에서 'GLfloat'(으)로 변환하면서 데이터가 손실될 수 있습니다.
  main.cpp
  SceneManager.cpp
C:\Users\KDK\Desktop\ServerProgramming\ServerProgramming\TextureManager.cpp(119,56): warning C4244:  '인수': 'GLuint'에서 'GLfloat'(으)로 변환하면서 데이터가 손실될 수 있습니다.
  코드를 생성하고 있습니다...
C:\Users\KDK\Desktop\ServerProgramming\ServerProgramming\SceneManager.cpp(106,2): warning C4060:  switch문에 'case' 또는 'default' 레이블이 없습니다.
main.obj : error LNK2019: __imp_glutInitWindowPosition 외부 기호(참조 위치: main 함수)에서 확인하지 못했습니다.
main.obj : error LNK2019: __imp_glutInitWindowSize 외부 기호(참조 위치: main 함수)에서 확인하지 못했습니다.
main.obj : error LNK2019: __imp_glutInitDisplayMode 외부 기호(참조 위치: main 함수)에서 확인하지 못했습니다.
main.obj : error LNK2019: __imp_glutMainLoop 외부 기호(참조 위치: main 함수)에서 확인하지 못했습니다.
main.obj : error LNK2019: __imp_glutSwapBuffers 외부 기호(참조 위치: "void __cdecl RenderScene(int)" (?RenderScene@@YAXH@Z) 함수)에서 확인하지 못했습니다.
SceneManager.obj : error LNK2001: __imp_glutSwapBuffers 외부 기호를 확인할 수 없습니다.
main.obj : error LNK2019: __imp_glutTimerFunc 외부 기호(참조 위치: "void __cdecl RenderScene(int)" (?RenderScene@@YAXH@Z) 함수)에서 확인하지 못했습니다.
main.obj : error LNK2019: __imp_glutKeyboardFunc 외부 기호(참조 위치: main 함수)에서 확인하지 못했습니다.
main.obj : error LNK2019: __imp_glutSpecialFunc 외부 기호(참조 위치: main 함수)에서 확인하지 못했습니다.
main.obj : error LNK2019: __imp_glutReshapeFunc 외부 기호(참조 위치: main 함수)에서 확인하지 못했습니다.
main.obj : error LNK2019: __imp_glutDisplayFunc 외부 기호(참조 위치: main 함수)에서 확인하지 못했습니다.
main.obj : error LNK2019: __imp_glutKeyboardUpFunc 외부 기호(참조 위치: main 함수)에서 확인하지 못했습니다.
main.obj : error LNK2019: __imp_glutSpecialUpFunc 외부 기호(참조 위치: main 함수)에서 확인하지 못했습니다.
main.obj : error LNK2019: __imp_glutGet 외부 기호(참조 위치: "void __cdecl RenderScene(int)" (?RenderScene@@YAXH@Z) 함수)에서 확인하지 못했습니다.
main.obj : error LNK2019: __imp___glutInitWithExit 외부 기호(참조 위치: glutInit_ATEXIT_HACK 함수)에서 확인하지 못했습니다.
main.obj : error LNK2019: __imp___glutCreateWindowWithExit 외부 기호(참조 위치: glutCreateWindow_ATEXIT_HACK 함수)에서 확인하지 못했습니다.
.\lib\freeglut.lib : warning LNK4272: 'x86' 라이브러리 컴퓨터 종류가 'x64' 대상 컴퓨터 종류와 충돌합니다.
C:\Users\KDK\Desktop\ServerProgramming\x64\Debug\ServerProgramming.exe : fatal error LNK1120: 15개의 확인할 수 없는 외부 참조입니다.
